<?xml version="1.0" encoding="UTF-8"?>
<testng-results skipped="0" failed="0" ignored="0" total="1" passed="1">
  <reporter-output>
  </reporter-output>
  <suite name="Default suite" duration-ms="11462" started-at="2020-12-08T23:54:17Z" finished-at="2020-12-08T23:54:29Z">
    <groups>
    </groups>
    <test name="Default test" duration-ms="11462" started-at="2020-12-08T23:54:17Z" finished-at="2020-12-08T23:54:29Z">
      <class name="com.acti.base.DriverScript">
        <test-method status="PASS" signature="initBrowser()[pri:0, instance:com.acti.base.DriverScript@46d56d67]" name="initBrowser" duration-ms="11448" started-at="2020-12-08T18:54:17Z" finished-at="2020-12-08T18:54:29Z">
          <reporter-output>
          </reporter-output>
        </test-method> <!-- initBrowser -->
      </class> <!-- com.acti.base.DriverScript -->
    </test> <!-- Default test -->
  </suite> <!-- Default suite -->
</testng-results>
